<?xml version="1.0" encoding="UTF-8"?>
<!-- Generated by org.testng.reporters.JUnitReportReporter -->
<testsuite hostname="OKCL129" failures="0" tests="3" name="com.end2end.submitTest" time="42.119" errors="0" timestamp="2022-09-18T20:15:11 CDT" skipped="0">
  <testcase classname="com.end2end.submitTest" name="submitOrder" time="18.508"/>
  <system-out/>
  <testcase classname="com.end2end.submitTest" name="OrderHistoryTest" time="9.194"/>
  <system-out/>
  <testcase classname="com.end2end.submitTest" name="submitOrder" time="14.417"/>
  <system-out/>
</testsuite> <!-- com.end2end.submitTest -->
