<?xml version="1.0" encoding="UTF-8"?>
<!-- Generated by org.testng.reporters.JUnitReportReporter -->
<testsuite hostname="OKCL129" failures="0" tests="3" name="com.end2end.submitTest" time="39.527" errors="0" timestamp="2022-09-19T10:44:43 CDT" skipped="0">
  <testcase classname="com.end2end.submitTest" name="submitOrder" time="14.397"/>
  <system-out/>
  <testcase classname="com.end2end.submitTest" name="submitOrder" time="14.507"/>
  <system-out/>
  <testcase classname="com.end2end.submitTest" name="OrderHistoryTest" time="10.623"/>
  <system-out/>
</testsuite> <!-- com.end2end.submitTest -->
