<?xml version="1.0" encoding="UTF-8"?>
<!-- Generated by org.testng.reporters.JUnitReportReporter -->
<testsuite hostname="OKCL129" failures="0" tests="3" name="com.end2end.submitTest" time="43.205" errors="0" timestamp="2022-09-23T12:38:45 CDT" skipped="0">
  <testcase classname="com.end2end.submitTest" name="submitOrder" time="18.612"/>
  <system-out/>
  <testcase classname="com.end2end.submitTest" name="submitOrder" time="15.568"/>
  <system-out/>
  <testcase classname="com.end2end.submitTest" name="OrderHistoryTest" time="9.025"/>
  <system-out/>
</testsuite> <!-- com.end2end.submitTest -->
