<?xml version="1.0" encoding="UTF-8"?>
<!-- Generated by org.testng.reporters.JUnitReportReporter -->
<testsuite hostname="OKCL129" failures="0" tests="1" name="com.end2end.errorValidation" time="10.992" errors="0" timestamp="2022-09-15T14:51:31 CDT" skipped="0">
  <testcase classname="com.end2end.errorValidation" name="productDisplayedVerification" time="10.992"/>
  <system-out/>
</testsuite> <!-- com.end2end.errorValidation -->
