<?xml version="1.0" encoding="UTF-8"?>
<!-- Generated by org.testng.reporters.JUnitReportReporter -->
<testsuite hostname="OKCL129" failures="0" tests="3" name="com.end2end.submitTest" time="39.249" errors="0" timestamp="2022-09-26T11:50:26 CDT" skipped="0">
  <testcase classname="com.end2end.submitTest" name="submitOrder" time="14.544"/>
  <system-out/>
  <testcase classname="com.end2end.submitTest" name="OrderHistoryTest" time="8.277"/>
  <system-out/>
  <testcase classname="com.end2end.submitTest" name="submitOrder" time="16.428"/>
  <system-out/>
</testsuite> <!-- com.end2end.submitTest -->
